{
  "id": 123427927,
  "name": "uhw_modules",
  "full_name": "vit-tucek/uhw_modules",
  "owner": {
    "login": "vit-tucek",
    "id": 2608812,
    "avatar_url": "https://avatars2.githubusercontent.com/u/2608812?v=4",
    "gravatar_id": "",
    "url": "https://api.github.com/users/vit-tucek",
    "html_url": "https://github.com/vit-tucek",
    "followers_url": "https://api.github.com/users/vit-tucek/followers",
    "following_url": "https://api.github.com/users/vit-tucek/following{/other_user}",
    "gists_url": "https://api.github.com/users/vit-tucek/gists{/gist_id}",
    "starred_url": "https://api.github.com/users/vit-tucek/starred{/owner}{/repo}",
    "subscriptions_url": "https://api.github.com/users/vit-tucek/subscriptions",
    "organizations_url": "https://api.github.com/users/vit-tucek/orgs",
    "repos_url": "https://api.github.com/users/vit-tucek/repos",
    "events_url": "https://api.github.com/users/vit-tucek/events{/privacy}",
    "received_events_url": "https://api.github.com/users/vit-tucek/received_events",
    "type": "User",
    "site_admin": false
  },
  "private": false,
  "html_url": "https://github.com/vit-tucek/uhw_modules",
  "description": "Calculates nilpotent cohomology of unitarizable highest weight modules using Enright formula.",
  "fork": false,
  "url": "https://api.github.com/repos/vit-tucek/uhw_modules",
  "forks_url": "https://api.github.com/repos/vit-tucek/uhw_modules/forks",
  "keys_url": "https://api.github.com/repos/vit-tucek/uhw_modules/keys{/key_id}",
  "collaborators_url": "https://api.github.com/repos/vit-tucek/uhw_modules/collaborators{/collaborator}",
  "teams_url": "https://api.github.com/repos/vit-tucek/uhw_modules/teams",
  "hooks_url": "https://api.github.com/repos/vit-tucek/uhw_modules/hooks",
  "issue_events_url": "https://api.github.com/repos/vit-tucek/uhw_modules/issues/events{/number}",
  "events_url": "https://api.github.com/repos/vit-tucek/uhw_modules/events",
  "assignees_url": "https://api.github.com/repos/vit-tucek/uhw_modules/assignees{/user}",
  "branches_url": "https://api.github.com/repos/vit-tucek/uhw_modules/branches{/branch}",
  "tags_url": "https://api.github.com/repos/vit-tucek/uhw_modules/tags",
  "blobs_url": "https://api.github.com/repos/vit-tucek/uhw_modules/git/blobs{/sha}",
  "git_tags_url": "https://api.github.com/repos/vit-tucek/uhw_modules/git/tags{/sha}",
  "git_refs_url": "https://api.github.com/repos/vit-tucek/uhw_modules/git/refs{/sha}",
  "trees_url": "https://api.github.com/repos/vit-tucek/uhw_modules/git/trees{/sha}",
  "statuses_url": "https://api.github.com/repos/vit-tucek/uhw_modules/statuses/{sha}",
  "languages_url": "https://api.github.com/repos/vit-tucek/uhw_modules/languages",
  "stargazers_url": "https://api.github.com/repos/vit-tucek/uhw_modules/stargazers",
  "contributors_url": "https://api.github.com/repos/vit-tucek/uhw_modules/contributors",
  "subscribers_url": "https://api.github.com/repos/vit-tucek/uhw_modules/subscribers",
  "subscription_url": "https://api.github.com/repos/vit-tucek/uhw_modules/subscription",
  "commits_url": "https://api.github.com/repos/vit-tucek/uhw_modules/commits{/sha}",
  "git_commits_url": "https://api.github.com/repos/vit-tucek/uhw_modules/git/commits{/sha}",
  "comments_url": "https://api.github.com/repos/vit-tucek/uhw_modules/comments{/number}",
  "issue_comment_url": "https://api.github.com/repos/vit-tucek/uhw_modules/issues/comments{/number}",
  "contents_url": "https://api.github.com/repos/vit-tucek/uhw_modules/contents/{+path}",
  "compare_url": "https://api.github.com/repos/vit-tucek/uhw_modules/compare/{base}...{head}",
  "merges_url": "https://api.github.com/repos/vit-tucek/uhw_modules/merges",
  "archive_url": "https://api.github.com/repos/vit-tucek/uhw_modules/{archive_format}{/ref}",
  "downloads_url": "https://api.github.com/repos/vit-tucek/uhw_modules/downloads",
  "issues_url": "https://api.github.com/repos/vit-tucek/uhw_modules/issues{/number}",
  "pulls_url": "https://api.github.com/repos/vit-tucek/uhw_modules/pulls{/number}",
  "milestones_url": "https://api.github.com/repos/vit-tucek/uhw_modules/milestones{/number}",
  "notifications_url": "https://api.github.com/repos/vit-tucek/uhw_modules/notifications{?since,all,participating}",
  "labels_url": "https://api.github.com/repos/vit-tucek/uhw_modules/labels{/name}",
  "releases_url": "https://api.github.com/repos/vit-tucek/uhw_modules/releases{/id}",
  "deployments_url": "https://api.github.com/repos/vit-tucek/uhw_modules/deployments",
  "created_at": "2018-03-01T11:47:12Z",
  "updated_at": "2018-03-01T11:47:12Z",
  "pushed_at": "2018-03-01T11:47:13Z",
  "git_url": "git://github.com/vit-tucek/uhw_modules.git",
  "ssh_url": "git@github.com:vit-tucek/uhw_modules.git",
  "clone_url": "https://github.com/vit-tucek/uhw_modules.git",
  "svn_url": "https://github.com/vit-tucek/uhw_modules",
  "homepage": null,
  "size": 0,
  "stargazers_count": 0,
  "watchers_count": 0,
  "language": null,
  "has_issues": true,
  "has_projects": true,
  "has_downloads": true,
  "has_wiki": true,
  "has_pages": false,
  "forks_count": 0,
  "mirror_url": null,
  "archived": false,
  "open_issues_count": 0,
  "license": null,
  "forks": 0,
  "open_issues": 0,
  "watchers": 0,
  "default_branch": "master",
  "permissions": {
    "admin": true,
    "push": true,
    "pull": true
  },
  "allow_squash_merge": true,
  "allow_merge_commit": true,
  "allow_rebase_merge": true,
  "network_count": 0,
  "subscribers_count": 1
}
Initialized empty Git repository in /home/vit/src/uhw_modules/.git/
